<?xml version="1.0" encoding="UTF-8"?>
<coverage generated="1594309014754" clover="3.2.0">
  <project timestamp="1594309014754" name="All files">
    <metrics statements="25" coveredstatements="20" conditionals="10" coveredconditionals="6" methods="4" coveredmethods="4" elements="39" coveredelements="30" complexity="0" loc="25" ncloc="25" packages="1" files="3" classes="3"/>
    <file name="academico.js" path="/home/trifenix/Documentos/automatizacion/src/homepage/academico.js">
      <metrics statements="6" coveredstatements="6" conditionals="2" coveredconditionals="2" methods="1" coveredmethods="1"/>
      <line num="1" count="1" type="stmt"/>
      <line num="2" count="2" type="cond" truecount="2" falsecount="0"/>
      <line num="10" count="1" type="stmt"/>
      <line num="22" count="1" type="stmt"/>
      <line num="28" count="1" type="stmt"/>
      <line num="32" count="1" type="stmt"/>
    </file>
    <file name="dataSource.js" path="/home/trifenix/Documentos/automatizacion/src/homepage/dataSource.js">
      <metrics statements="6" coveredstatements="5" conditionals="2" coveredconditionals="1" methods="1" coveredmethods="1"/>
      <line num="2" count="1" type="stmt"/>
      <line num="5" count="1" type="cond" truecount="1" falsecount="1"/>
      <line num="7" count="1" type="stmt"/>
      <line num="12" count="0" type="stmt"/>
      <line num="16" count="1" type="stmt"/>
      <line num="20" count="1" type="stmt"/>
    </file>
    <file name="jefeCarrera.js" path="/home/trifenix/Documentos/automatizacion/src/homepage/jefeCarrera.js">
      <metrics statements="13" coveredstatements="9" conditionals="6" coveredconditionals="3" methods="2" coveredmethods="2"/>
      <line num="1" count="1" type="stmt"/>
      <line num="3" count="1" type="cond" truecount="1" falsecount="1"/>
      <line num="7" count="0" type="stmt"/>
      <line num="9" count="1" type="cond" truecount="1" falsecount="1"/>
      <line num="14" count="1" type="stmt"/>
      <line num="23" count="0" type="stmt"/>
      <line num="29" count="1" type="stmt"/>
      <line num="33" count="1" type="cond" truecount="1" falsecount="1"/>
      <line num="35" count="1" type="stmt"/>
      <line num="37" count="0" type="stmt"/>
      <line num="38" count="0" type="stmt"/>
      <line num="41" count="1" type="stmt"/>
      <line num="46" count="1" type="stmt"/>
    </file>
  </project>
</coverage>
