{"/home/trifenix/Documentos/automatizacion/src/homepage/academico.js": {"path":"/home/trifenix/Documentos/automatizacion/src/homepage/academico.js","statementMap":{"0":{"start":{"line":1,"column":18},"end":{"line":24,"column":1}},"1":{"start":{"line":2,"column":4},"end":{"line":23,"column":5}},"2":{"start":{"line":10,"column":8},"end":{"line":10,"column":17}},"3":{"start":{"line":22,"column":8},"end":{"line":22,"column":17}},"4":{"start":{"line":28,"column":18},"end":{"line":30,"column":1}},"5":{"start":{"line":32,"column":0},"end":{"line":32,"column":27}}},"fnMap":{"0":{"name":"(anonymous_0)","decl":{"start":{"line":1,"column":18},"end":{"line":1,"column":19}},"loc":{"start":{"line":1,"column":27},"end":{"line":24,"column":1}},"line":1}},"branchMap":{"0":{"loc":{"start":{"line":2,"column":4},"end":{"line":23,"column":5}},"type":"if","locations":[{"start":{"line":2,"column":4},"end":{"line":23,"column":5}},{"start":{"line":2,"column":4},"end":{"line":23,"column":5}}],"line":2}},"s":{"0":1,"1":2,"2":1,"3":1,"4":1,"5":1},"f":{"0":2},"b":{"0":[1,1]},"_coverageSchema":"1a1c01bbd47fc00a2c39e90264f33305004495a9","hash":"a29fdf00741fab8199043fa994d03a62701c510e"}
,"/home/trifenix/Documentos/automatizacion/src/homepage/dataSource.js": {"path":"/home/trifenix/Documentos/automatizacion/src/homepage/dataSource.js","statementMap":{"0":{"start":{"line":2,"column":23},"end":{"line":14,"column":1}},"1":{"start":{"line":5,"column":4},"end":{"line":13,"column":5}},"2":{"start":{"line":7,"column":8},"end":{"line":7,"column":16}},"3":{"start":{"line":12,"column":8},"end":{"line":12,"column":17}},"4":{"start":{"line":16,"column":18},"end":{"line":18,"column":1}},"5":{"start":{"line":20,"column":0},"end":{"line":20,"column":27}}},"fnMap":{"0":{"name":"(anonymous_0)","decl":{"start":{"line":2,"column":23},"end":{"line":2,"column":24}},"loc":{"start":{"line":2,"column":42},"end":{"line":14,"column":1}},"line":2}},"branchMap":{"0":{"loc":{"start":{"line":5,"column":4},"end":{"line":13,"column":5}},"type":"if","locations":[{"start":{"line":5,"column":4},"end":{"line":13,"column":5}},{"start":{"line":5,"column":4},"end":{"line":13,"column":5}}],"line":5}},"s":{"0":1,"1":1,"2":1,"3":0,"4":1,"5":1},"f":{"0":1},"b":{"0":[1,0]},"_coverageSchema":"1a1c01bbd47fc00a2c39e90264f33305004495a9","hash":"e9944ecaf57a4bcebe251be6ae58ba94aa60a40d"}
,"/home/trifenix/Documentos/automatizacion/src/homepage/jefeCarrera.js": {"path":"/home/trifenix/Documentos/automatizacion/src/homepage/jefeCarrera.js","statementMap":{"0":{"start":{"line":1,"column":23},"end":{"line":27,"column":1}},"1":{"start":{"line":3,"column":4},"end":{"line":25,"column":5}},"2":{"start":{"line":7,"column":8},"end":{"line":7,"column":17}},"3":{"start":{"line":9,"column":8},"end":{"line":24,"column":9}},"4":{"start":{"line":14,"column":12},"end":{"line":14,"column":21}},"5":{"start":{"line":23,"column":12},"end":{"line":23,"column":21}},"6":{"start":{"line":29,"column":25},"end":{"line":40,"column":1}},"7":{"start":{"line":33,"column":4},"end":{"line":39,"column":5}},"8":{"start":{"line":35,"column":8},"end":{"line":35,"column":16}},"9":{"start":{"line":37,"column":8},"end":{"line":37,"column":40}},"10":{"start":{"line":38,"column":8},"end":{"line":38,"column":16}},"11":{"start":{"line":41,"column":18},"end":{"line":44,"column":1}},"12":{"start":{"line":46,"column":0},"end":{"line":46,"column":27}}},"fnMap":{"0":{"name":"(anonymous_0)","decl":{"start":{"line":1,"column":23},"end":{"line":1,"column":24}},"loc":{"start":{"line":1,"column":48},"end":{"line":27,"column":1}},"line":1},"1":{"name":"(anonymous_1)","decl":{"start":{"line":29,"column":25},"end":{"line":29,"column":26}},"loc":{"start":{"line":29,"column":44},"end":{"line":40,"column":1}},"line":29}},"branchMap":{"0":{"loc":{"start":{"line":3,"column":4},"end":{"line":25,"column":5}},"type":"if","locations":[{"start":{"line":3,"column":4},"end":{"line":25,"column":5}},{"start":{"line":3,"column":4},"end":{"line":25,"column":5}}],"line":3},"1":{"loc":{"start":{"line":9,"column":8},"end":{"line":24,"column":9}},"type":"if","locations":[{"start":{"line":9,"column":8},"end":{"line":24,"column":9}},{"start":{"line":9,"column":8},"end":{"line":24,"column":9}}],"line":9},"2":{"loc":{"start":{"line":33,"column":4},"end":{"line":39,"column":5}},"type":"if","locations":[{"start":{"line":33,"column":4},"end":{"line":39,"column":5}},{"start":{"line":33,"column":4},"end":{"line":39,"column":5}}],"line":33}},"s":{"0":1,"1":1,"2":0,"3":1,"4":1,"5":0,"6":1,"7":1,"8":1,"9":0,"10":0,"11":1,"12":1},"f":{"0":1,"1":1},"b":{"0":[0,1],"1":[1,0],"2":[1,0]},"_coverageSchema":"1a1c01bbd47fc00a2c39e90264f33305004495a9","hash":"df1506042c38fc6fd76f973c6e695f5eb9bb837e"}
}
