{"/home/trifenix/Descargas/Automatizacion/src/generales/Utils.js": {"path":"/home/trifenix/Descargas/Automatizacion/src/generales/Utils.js","statementMap":{"0":{"start":{"line":3,"column":16},"end":{"line":10,"column":1}},"1":{"start":{"line":4,"column":4},"end":{"line":9,"column":5}},"2":{"start":{"line":5,"column":16},"end":{"line":5,"column":32}},"3":{"start":{"line":6,"column":8},"end":{"line":6,"column":46}},"4":{"start":{"line":8,"column":8},"end":{"line":8,"column":19}},"5":{"start":{"line":13,"column":25},"end":{"line":28,"column":1}},"6":{"start":{"line":14,"column":15},"end":{"line":14,"column":19}},"7":{"start":{"line":15,"column":19},"end":{"line":15,"column":22}},"8":{"start":{"line":16,"column":24},"end":{"line":16,"column":43}},"9":{"start":{"line":18,"column":4},"end":{"line":24,"column":7}},"10":{"start":{"line":19,"column":29},"end":{"line":19,"column":47}},"11":{"start":{"line":21,"column":8},"end":{"line":23,"column":9}},"12":{"start":{"line":22,"column":10},"end":{"line":22,"column":35}},"13":{"start":{"line":27,"column":4},"end":{"line":27,"column":16}},"14":{"start":{"line":31,"column":24},"end":{"line":54,"column":1}},"15":{"start":{"line":32,"column":15},"end":{"line":32,"column":46}},"16":{"start":{"line":33,"column":19},"end":{"line":33,"column":57}},"17":{"start":{"line":34,"column":12},"end":{"line":34,"column":36}},"18":{"start":{"line":35,"column":12},"end":{"line":35,"column":41}},"19":{"start":{"line":36,"column":12},"end":{"line":36,"column":31}},"20":{"start":{"line":38,"column":4},"end":{"line":42,"column":7}},"21":{"start":{"line":39,"column":8},"end":{"line":39,"column":14}},"22":{"start":{"line":40,"column":13},"end":{"line":42,"column":7}},"23":{"start":{"line":41,"column":8},"end":{"line":41,"column":14}},"24":{"start":{"line":43,"column":6},"end":{"line":47,"column":7}},"25":{"start":{"line":44,"column":8},"end":{"line":44,"column":14}},"26":{"start":{"line":45,"column":13},"end":{"line":47,"column":7}},"27":{"start":{"line":46,"column":8},"end":{"line":46,"column":14}},"28":{"start":{"line":48,"column":6},"end":{"line":52,"column":7}},"29":{"start":{"line":49,"column":8},"end":{"line":49,"column":14}},"30":{"start":{"line":50,"column":13},"end":{"line":52,"column":7}},"31":{"start":{"line":51,"column":8},"end":{"line":51,"column":14}},"32":{"start":{"line":53,"column":6},"end":{"line":53,"column":58}},"33":{"start":{"line":57,"column":0},"end":{"line":57,"column":61}}},"fnMap":{"0":{"name":"(anonymous_0)","decl":{"start":{"line":3,"column":16},"end":{"line":3,"column":17}},"loc":{"start":{"line":3,"column":27},"end":{"line":10,"column":1}},"line":3},"1":{"name":"(anonymous_1)","decl":{"start":{"line":13,"column":25},"end":{"line":13,"column":26}},"loc":{"start":{"line":13,"column":42},"end":{"line":28,"column":1}},"line":13},"2":{"name":"(anonymous_2)","decl":{"start":{"line":18,"column":55},"end":{"line":18,"column":56}},"loc":{"start":{"line":18,"column":73},"end":{"line":24,"column":5}},"line":18},"3":{"name":"(anonymous_3)","decl":{"start":{"line":31,"column":24},"end":{"line":31,"column":25}},"loc":{"start":{"line":31,"column":40},"end":{"line":54,"column":1}},"line":31}},"branchMap":{"0":{"loc":{"start":{"line":4,"column":4},"end":{"line":9,"column":5}},"type":"if","locations":[{"start":{"line":4,"column":4},"end":{"line":9,"column":5}},{"start":{"line":4,"column":4},"end":{"line":9,"column":5}}],"line":4},"1":{"loc":{"start":{"line":21,"column":8},"end":{"line":23,"column":9}},"type":"if","locations":[{"start":{"line":21,"column":8},"end":{"line":23,"column":9}},{"start":{"line":21,"column":8},"end":{"line":23,"column":9}}],"line":21},"2":{"loc":{"start":{"line":38,"column":4},"end":{"line":42,"column":7}},"type":"if","locations":[{"start":{"line":38,"column":4},"end":{"line":42,"column":7}},{"start":{"line":38,"column":4},"end":{"line":42,"column":7}}],"line":38},"3":{"loc":{"start":{"line":40,"column":13},"end":{"line":42,"column":7}},"type":"if","locations":[{"start":{"line":40,"column":13},"end":{"line":42,"column":7}},{"start":{"line":40,"column":13},"end":{"line":42,"column":7}}],"line":40},"4":{"loc":{"start":{"line":43,"column":6},"end":{"line":47,"column":7}},"type":"if","locations":[{"start":{"line":43,"column":6},"end":{"line":47,"column":7}},{"start":{"line":43,"column":6},"end":{"line":47,"column":7}}],"line":43},"5":{"loc":{"start":{"line":45,"column":13},"end":{"line":47,"column":7}},"type":"if","locations":[{"start":{"line":45,"column":13},"end":{"line":47,"column":7}},{"start":{"line":45,"column":13},"end":{"line":47,"column":7}}],"line":45},"6":{"loc":{"start":{"line":48,"column":6},"end":{"line":52,"column":7}},"type":"if","locations":[{"start":{"line":48,"column":6},"end":{"line":52,"column":7}},{"start":{"line":48,"column":6},"end":{"line":52,"column":7}}],"line":48},"7":{"loc":{"start":{"line":50,"column":13},"end":{"line":52,"column":7}},"type":"if","locations":[{"start":{"line":50,"column":13},"end":{"line":52,"column":7}},{"start":{"line":50,"column":13},"end":{"line":52,"column":7}}],"line":50}},"s":{"0":3,"1":7,"2":5,"3":4,"4":2,"5":3,"6":1,"7":1,"8":1,"9":1,"10":3,"11":3,"12":1,"13":1,"14":3,"15":5,"16":2,"17":2,"18":2,"19":2,"20":2,"21":0,"22":2,"23":0,"24":2,"25":0,"26":2,"27":0,"28":2,"29":0,"30":2,"31":0,"32":2,"33":3},"f":{"0":7,"1":1,"2":3,"3":5},"b":{"0":[5,2],"1":[1,2],"2":[0,2],"3":[0,2],"4":[0,2],"5":[0,2],"6":[0,2],"7":[0,2]},"_coverageSchema":"1a1c01bbd47fc00a2c39e90264f33305004495a9","hash":"78c6e96deb89b0d46a4159c355e863e84b9d9254"}
,"/home/trifenix/Descargas/Automatizacion/src/homepage/academico.js": {"path":"/home/trifenix/Descargas/Automatizacion/src/homepage/academico.js","statementMap":{"0":{"start":{"line":1,"column":18},"end":{"line":24,"column":1}},"1":{"start":{"line":2,"column":4},"end":{"line":23,"column":5}},"2":{"start":{"line":10,"column":8},"end":{"line":10,"column":17}},"3":{"start":{"line":22,"column":8},"end":{"line":22,"column":17}},"4":{"start":{"line":28,"column":18},"end":{"line":30,"column":1}},"5":{"start":{"line":32,"column":0},"end":{"line":32,"column":27}}},"fnMap":{"0":{"name":"(anonymous_0)","decl":{"start":{"line":1,"column":18},"end":{"line":1,"column":19}},"loc":{"start":{"line":1,"column":27},"end":{"line":24,"column":1}},"line":1}},"branchMap":{"0":{"loc":{"start":{"line":2,"column":4},"end":{"line":23,"column":5}},"type":"if","locations":[{"start":{"line":2,"column":4},"end":{"line":23,"column":5}},{"start":{"line":2,"column":4},"end":{"line":23,"column":5}}],"line":2}},"s":{"0":1,"1":2,"2":1,"3":1,"4":1,"5":1},"f":{"0":2},"b":{"0":[1,1]},"_coverageSchema":"1a1c01bbd47fc00a2c39e90264f33305004495a9","hash":"d604e0a97144a9e01005dce4121c2a73553391c7"}
,"/home/trifenix/Descargas/Automatizacion/src/homepage/dataSource.js": {"path":"/home/trifenix/Descargas/Automatizacion/src/homepage/dataSource.js","statementMap":{"0":{"start":{"line":2,"column":23},"end":{"line":11,"column":1}},"1":{"start":{"line":4,"column":4},"end":{"line":10,"column":5}},"2":{"start":{"line":5,"column":8},"end":{"line":5,"column":16}},"3":{"start":{"line":9,"column":8},"end":{"line":9,"column":17}},"4":{"start":{"line":13,"column":18},"end":{"line":15,"column":1}},"5":{"start":{"line":17,"column":0},"end":{"line":17,"column":27}}},"fnMap":{"0":{"name":"(anonymous_0)","decl":{"start":{"line":2,"column":23},"end":{"line":2,"column":24}},"loc":{"start":{"line":2,"column":42},"end":{"line":11,"column":1}},"line":2}},"branchMap":{"0":{"loc":{"start":{"line":4,"column":4},"end":{"line":10,"column":5}},"type":"if","locations":[{"start":{"line":4,"column":4},"end":{"line":10,"column":5}},{"start":{"line":4,"column":4},"end":{"line":10,"column":5}}],"line":4},"1":{"loc":{"start":{"line":4,"column":7},"end":{"line":4,"column":22}},"type":"binary-expr","locations":[{"start":{"line":4,"column":7},"end":{"line":4,"column":12}},{"start":{"line":4,"column":16},"end":{"line":4,"column":22}}],"line":4}},"s":{"0":1,"1":4,"2":1,"3":3,"4":1,"5":1},"f":{"0":4},"b":{"0":[1,3],"1":[4,1]},"_coverageSchema":"1a1c01bbd47fc00a2c39e90264f33305004495a9","hash":"867193734db5d443b610debf5258c702d6151098"}
,"/home/trifenix/Descargas/Automatizacion/src/homepage/jefeCarrera.js": {"path":"/home/trifenix/Descargas/Automatizacion/src/homepage/jefeCarrera.js","statementMap":{"0":{"start":{"line":1,"column":23},"end":{"line":27,"column":1}},"1":{"start":{"line":3,"column":4},"end":{"line":25,"column":5}},"2":{"start":{"line":7,"column":8},"end":{"line":7,"column":17}},"3":{"start":{"line":9,"column":8},"end":{"line":24,"column":9}},"4":{"start":{"line":14,"column":12},"end":{"line":14,"column":21}},"5":{"start":{"line":23,"column":12},"end":{"line":23,"column":21}},"6":{"start":{"line":29,"column":25},"end":{"line":40,"column":1}},"7":{"start":{"line":33,"column":4},"end":{"line":39,"column":5}},"8":{"start":{"line":35,"column":8},"end":{"line":35,"column":16}},"9":{"start":{"line":38,"column":8},"end":{"line":38,"column":16}},"10":{"start":{"line":41,"column":18},"end":{"line":44,"column":1}},"11":{"start":{"line":46,"column":0},"end":{"line":46,"column":27}}},"fnMap":{"0":{"name":"(anonymous_0)","decl":{"start":{"line":1,"column":23},"end":{"line":1,"column":24}},"loc":{"start":{"line":1,"column":48},"end":{"line":27,"column":1}},"line":1},"1":{"name":"(anonymous_1)","decl":{"start":{"line":29,"column":25},"end":{"line":29,"column":26}},"loc":{"start":{"line":29,"column":44},"end":{"line":40,"column":1}},"line":29}},"branchMap":{"0":{"loc":{"start":{"line":3,"column":4},"end":{"line":25,"column":5}},"type":"if","locations":[{"start":{"line":3,"column":4},"end":{"line":25,"column":5}},{"start":{"line":3,"column":4},"end":{"line":25,"column":5}}],"line":3},"1":{"loc":{"start":{"line":9,"column":8},"end":{"line":24,"column":9}},"type":"if","locations":[{"start":{"line":9,"column":8},"end":{"line":24,"column":9}},{"start":{"line":9,"column":8},"end":{"line":24,"column":9}}],"line":9},"2":{"loc":{"start":{"line":33,"column":4},"end":{"line":39,"column":5}},"type":"if","locations":[{"start":{"line":33,"column":4},"end":{"line":39,"column":5}},{"start":{"line":33,"column":4},"end":{"line":39,"column":5}}],"line":33}},"s":{"0":1,"1":0,"2":0,"3":0,"4":0,"5":0,"6":1,"7":2,"8":1,"9":1,"10":1,"11":1},"f":{"0":0,"1":2},"b":{"0":[0,0],"1":[0,0],"2":[1,1]},"_coverageSchema":"1a1c01bbd47fc00a2c39e90264f33305004495a9","hash":"76fce678ff34568794188eefc30a93fdb731b32c"}
,"/home/trifenix/Descargas/Automatizacion/src/homepage/rector.js": {"path":"/home/trifenix/Descargas/Automatizacion/src/homepage/rector.js","statementMap":{"0":{"start":{"line":2,"column":15},"end":{"line":24,"column":1}},"1":{"start":{"line":3,"column":1},"end":{"line":8,"column":5}},"2":{"start":{"line":7,"column":2},"end":{"line":7,"column":11}},"3":{"start":{"line":9,"column":1},"end":{"line":14,"column":5}},"4":{"start":{"line":13,"column":2},"end":{"line":13,"column":11}},"5":{"start":{"line":15,"column":1},"end":{"line":23,"column":5}},"6":{"start":{"line":17,"column":2},"end":{"line":22,"column":9}},"7":{"start":{"line":21,"column":3},"end":{"line":21,"column":12}},"8":{"start":{"line":27,"column":19},"end":{"line":36,"column":1}},"9":{"start":{"line":28,"column":1},"end":{"line":35,"column":5}},"10":{"start":{"line":31,"column":2},"end":{"line":31,"column":15}},"11":{"start":{"line":34,"column":2},"end":{"line":34,"column":14}},"12":{"start":{"line":38,"column":18},"end":{"line":41,"column":1}},"13":{"start":{"line":43,"column":0},"end":{"line":43,"column":27}}},"fnMap":{"0":{"name":"(anonymous_0)","decl":{"start":{"line":2,"column":15},"end":{"line":2,"column":16}},"loc":{"start":{"line":2,"column":28},"end":{"line":24,"column":1}},"line":2},"1":{"name":"(anonymous_1)","decl":{"start":{"line":27,"column":19},"end":{"line":27,"column":20}},"loc":{"start":{"line":27,"column":31},"end":{"line":36,"column":1}},"line":27}},"branchMap":{"0":{"loc":{"start":{"line":3,"column":1},"end":{"line":8,"column":5}},"type":"if","locations":[{"start":{"line":3,"column":1},"end":{"line":8,"column":5}},{"start":{"line":3,"column":1},"end":{"line":8,"column":5}}],"line":3},"1":{"loc":{"start":{"line":9,"column":1},"end":{"line":14,"column":5}},"type":"if","locations":[{"start":{"line":9,"column":1},"end":{"line":14,"column":5}},{"start":{"line":9,"column":1},"end":{"line":14,"column":5}}],"line":9},"2":{"loc":{"start":{"line":15,"column":1},"end":{"line":23,"column":5}},"type":"if","locations":[{"start":{"line":15,"column":1},"end":{"line":23,"column":5}},{"start":{"line":15,"column":1},"end":{"line":23,"column":5}}],"line":15},"3":{"loc":{"start":{"line":17,"column":2},"end":{"line":22,"column":9}},"type":"if","locations":[{"start":{"line":17,"column":2},"end":{"line":22,"column":9}},{"start":{"line":17,"column":2},"end":{"line":22,"column":9}}],"line":17},"4":{"loc":{"start":{"line":28,"column":1},"end":{"line":35,"column":5}},"type":"if","locations":[{"start":{"line":28,"column":1},"end":{"line":35,"column":5}},{"start":{"line":28,"column":1},"end":{"line":35,"column":5}}],"line":28}},"s":{"0":1,"1":4,"2":1,"3":3,"4":1,"5":2,"6":2,"7":1,"8":1,"9":2,"10":1,"11":1,"12":1,"13":1},"f":{"0":4,"1":2},"b":{"0":[1,3],"1":[1,2],"2":[2,0],"3":[1,1],"4":[1,1]},"_coverageSchema":"1a1c01bbd47fc00a2c39e90264f33305004495a9","hash":"20bdc06aabfc1262551351295fce1814d6e5b3ea"}
,"/home/trifenix/Descargas/Automatizacion/src/procesos/frag-myplanmejoras.js": {"path":"/home/trifenix/Descargas/Automatizacion/src/procesos/frag-myplanmejoras.js","statementMap":{"0":{"start":{"line":2,"column":22},"end":{"line":18,"column":1}},"1":{"start":{"line":3,"column":24},"end":{"line":3,"column":49}},"2":{"start":{"line":4,"column":22},"end":{"line":4,"column":40}},"3":{"start":{"line":5,"column":19},"end":{"line":5,"column":20}},"4":{"start":{"line":6,"column":24},"end":{"line":6,"column":26}},"5":{"start":{"line":8,"column":4},"end":{"line":12,"column":7}},"6":{"start":{"line":9,"column":8},"end":{"line":9,"column":41}},"7":{"start":{"line":9,"column":30},"end":{"line":9,"column":41}},"8":{"start":{"line":14,"column":18},"end":{"line":14,"column":62}},"9":{"start":{"line":15,"column":4},"end":{"line":15,"column":36}},"10":{"start":{"line":15,"column":24},"end":{"line":15,"column":36}},"11":{"start":{"line":17,"column":4},"end":{"line":17,"column":19}},"12":{"start":{"line":21,"column":0},"end":{"line":21,"column":33}}},"fnMap":{"0":{"name":"(anonymous_0)","decl":{"start":{"line":2,"column":22},"end":{"line":2,"column":23}},"loc":{"start":{"line":2,"column":46},"end":{"line":18,"column":1}},"line":2},"1":{"name":"(anonymous_1)","decl":{"start":{"line":8,"column":52},"end":{"line":8,"column":53}},"loc":{"start":{"line":8,"column":70},"end":{"line":12,"column":5}},"line":8}},"branchMap":{"0":{"loc":{"start":{"line":9,"column":8},"end":{"line":9,"column":41}},"type":"if","locations":[{"start":{"line":9,"column":8},"end":{"line":9,"column":41}},{"start":{"line":9,"column":8},"end":{"line":9,"column":41}}],"line":9},"1":{"loc":{"start":{"line":15,"column":4},"end":{"line":15,"column":36}},"type":"if","locations":[{"start":{"line":15,"column":4},"end":{"line":15,"column":36}},{"start":{"line":15,"column":4},"end":{"line":15,"column":36}}],"line":15}},"s":{"0":1,"1":8,"2":8,"3":8,"4":8,"5":8,"6":22,"7":11,"8":8,"9":8,"10":1,"11":8,"12":1},"f":{"0":8,"1":22},"b":{"0":[11,11],"1":[1,7]},"_coverageSchema":"1a1c01bbd47fc00a2c39e90264f33305004495a9","hash":"2d4ce97f79f4e4a19bdd2c6d35c429ce4a6307ba"}
}
