TN:
SF:src/generales/Utils.js
FN:3,(anonymous_0)
FN:13,(anonymous_1)
FN:18,(anonymous_2)
FN:31,(anonymous_3)
FNF:4
FNH:4
FNDA:7,(anonymous_0)
FNDA:1,(anonymous_1)
FNDA:3,(anonymous_2)
FNDA:5,(anonymous_3)
DA:3,3
DA:4,7
DA:5,5
DA:6,4
DA:8,2
DA:13,3
DA:14,1
DA:15,1
DA:16,1
DA:18,1
DA:19,3
DA:21,3
DA:22,1
DA:27,1
DA:31,3
DA:32,5
DA:33,2
DA:34,2
DA:35,2
DA:36,2
DA:38,2
DA:39,0
DA:40,2
DA:41,0
DA:43,2
DA:44,0
DA:45,2
DA:46,0
DA:48,2
DA:49,0
DA:50,2
DA:51,0
DA:53,2
DA:57,3
LF:34
LH:28
BRDA:4,0,0,5
BRDA:4,0,1,2
BRDA:21,1,0,1
BRDA:21,1,1,2
BRDA:38,2,0,0
BRDA:38,2,1,2
BRDA:40,3,0,0
BRDA:40,3,1,2
BRDA:43,4,0,0
BRDA:43,4,1,2
BRDA:45,5,0,0
BRDA:45,5,1,2
BRDA:48,6,0,0
BRDA:48,6,1,2
BRDA:50,7,0,0
BRDA:50,7,1,2
BRF:16
BRH:10
end_of_record
TN:
SF:src/homepage/academico.js
FN:1,(anonymous_0)
FNF:1
FNH:1
FNDA:2,(anonymous_0)
DA:1,1
DA:2,2
DA:10,1
DA:22,1
DA:28,1
DA:32,1
LF:6
LH:6
BRDA:2,0,0,1
BRDA:2,0,1,1
BRF:2
BRH:2
end_of_record
TN:
SF:src/homepage/dataSource.js
FN:2,(anonymous_0)
FNF:1
FNH:1
FNDA:4,(anonymous_0)
DA:2,1
DA:4,4
DA:5,1
DA:9,3
DA:13,1
DA:17,1
LF:6
LH:6
BRDA:4,0,0,1
BRDA:4,0,1,3
BRDA:4,1,0,4
BRDA:4,1,1,1
BRF:4
BRH:4
end_of_record
TN:
SF:src/homepage/jefeCarrera.js
FN:1,(anonymous_0)
FN:29,(anonymous_1)
FNF:2
FNH:1
FNDA:0,(anonymous_0)
FNDA:2,(anonymous_1)
DA:1,1
DA:3,0
DA:7,0
DA:9,0
DA:14,0
DA:23,0
DA:29,1
DA:33,2
DA:35,1
DA:38,1
DA:41,1
DA:46,1
LF:12
LH:7
BRDA:3,0,0,0
BRDA:3,0,1,0
BRDA:9,1,0,0
BRDA:9,1,1,0
BRDA:33,2,0,1
BRDA:33,2,1,1
BRF:6
BRH:2
end_of_record
TN:
SF:src/homepage/rector.js
FN:2,(anonymous_0)
FN:27,(anonymous_1)
FNF:2
FNH:2
FNDA:4,(anonymous_0)
FNDA:2,(anonymous_1)
DA:2,1
DA:3,4
DA:7,1
DA:9,3
DA:13,1
DA:15,2
DA:17,2
DA:21,1
DA:27,1
DA:28,2
DA:31,1
DA:34,1
DA:38,1
DA:43,1
LF:14
LH:14
BRDA:3,0,0,1
BRDA:3,0,1,3
BRDA:9,1,0,1
BRDA:9,1,1,2
BRDA:15,2,0,2
BRDA:15,2,1,0
BRDA:17,3,0,1
BRDA:17,3,1,1
BRDA:28,4,0,1
BRDA:28,4,1,1
BRF:10
BRH:9
end_of_record
TN:
SF:src/procesos/frag-myplanmejoras.js
FN:2,(anonymous_0)
FN:8,(anonymous_1)
FNF:2
FNH:2
FNDA:8,(anonymous_0)
FNDA:22,(anonymous_1)
DA:2,1
DA:3,8
DA:4,8
DA:5,8
DA:6,8
DA:8,8
DA:9,22
DA:14,8
DA:15,8
DA:17,8
DA:21,1
LF:11
LH:11
BRDA:9,0,0,11
BRDA:9,0,1,11
BRDA:15,1,0,1
BRDA:15,1,1,7
BRF:4
BRH:4
end_of_record
