TN:
SF:src/homepage/academico.js
FN:1,(anonymous_0)
FNF:1
FNH:1
FNDA:2,(anonymous_0)
DA:1,1
DA:2,2
DA:10,1
DA:22,1
DA:28,1
DA:32,1
LF:6
LH:6
BRDA:2,0,0,1
BRDA:2,0,1,1
BRF:2
BRH:2
end_of_record
TN:
SF:src/homepage/dataSource.js
FN:2,(anonymous_0)
FNF:1
FNH:1
FNDA:1,(anonymous_0)
DA:2,1
DA:5,1
DA:7,1
DA:12,0
DA:16,1
DA:20,1
LF:6
LH:5
BRDA:5,0,0,1
BRDA:5,0,1,0
BRF:2
BRH:1
end_of_record
TN:
SF:src/homepage/jefeCarrera.js
FN:1,(anonymous_0)
FN:29,(anonymous_1)
FNF:2
FNH:2
FNDA:1,(anonymous_0)
FNDA:1,(anonymous_1)
DA:1,1
DA:3,1
DA:7,0
DA:9,1
DA:14,1
DA:23,0
DA:29,1
DA:33,1
DA:35,1
DA:37,0
DA:38,0
DA:41,1
DA:46,1
LF:13
LH:9
BRDA:3,0,0,0
BRDA:3,0,1,1
BRDA:9,1,0,1
BRDA:9,1,1,0
BRDA:33,2,0,1
BRDA:33,2,1,0
BRF:6
BRH:3
end_of_record
